[2023-02-18T18:24:03.957+0100][gc,init] CardTable entry size: 512
[2023-02-18T18:24:03.958+0100][gc     ] Using G1
[2023-02-18T18:24:03.964+0100][gc,init] Version: 19.0.1+10-21 (release)
[2023-02-18T18:24:03.964+0100][gc,init] CPUs: 4 total, 4 available
[2023-02-18T18:24:03.964+0100][gc,init] Memory: 16384M
[2023-02-18T18:24:03.964+0100][gc,init] Large Page Support: Disabled
[2023-02-18T18:24:03.964+0100][gc,init] NUMA Support: Disabled
[2023-02-18T18:24:03.964+0100][gc,init] Compressed Oops: Enabled (Zero based)
[2023-02-18T18:24:03.964+0100][gc,init] Heap Region Size: 1M
[2023-02-18T18:24:03.964+0100][gc,init] Heap Min Capacity: 1G
[2023-02-18T18:24:03.964+0100][gc,init] Heap Initial Capacity: 1G
[2023-02-18T18:24:03.964+0100][gc,init] Heap Max Capacity: 1G
[2023-02-18T18:24:03.964+0100][gc,init] Pre-touch: Disabled
[2023-02-18T18:24:03.964+0100][gc,init] Parallel Workers: 4
[2023-02-18T18:24:03.964+0100][gc,init] Concurrent Workers: 1
[2023-02-18T18:24:03.964+0100][gc,init] Concurrent Refinement Workers: 4
[2023-02-18T18:24:03.964+0100][gc,init] Periodic GC: Disabled
[2023-02-18T18:24:03.964+0100][gc,metaspace] CDS archive(s) mapped at: [0x0000000800000000-0x0000000800c44000-0x0000000800c44000), size 12861440, SharedBaseAddress: 0x0000000800000000, ArchiveRelocationMode: 0.
[2023-02-18T18:24:03.964+0100][gc,metaspace] Compressed class space mapped at: 0x0000000801000000-0x0000000841000000, reserved size: 1073741824
[2023-02-18T18:24:03.964+0100][gc,metaspace] Narrow klass base: 0x0000000800000000, Narrow klass shift: 0, Narrow klass range: 0x100000000
[2023-02-18T18:24:05.457+0100][gc,start    ] GC(0) Pause Young (Normal) (G1 Evacuation Pause)
[2023-02-18T18:24:05.458+0100][gc,task     ] GC(0) Using 4 workers of 4 for evacuation
[2023-02-18T18:24:05.464+0100][gc,phases   ] GC(0)   Pre Evacuate Collection Set: 0.1ms
[2023-02-18T18:24:05.464+0100][gc,phases   ] GC(0)   Merge Heap Roots: 0.1ms
[2023-02-18T18:24:05.464+0100][gc,phases   ] GC(0)   Evacuate Collection Set: 5.3ms
[2023-02-18T18:24:05.464+0100][gc,phases   ] GC(0)   Post Evacuate Collection Set: 0.5ms
[2023-02-18T18:24:05.464+0100][gc,phases   ] GC(0)   Other: 0.4ms
[2023-02-18T18:24:05.464+0100][gc,heap     ] GC(0) Eden regions: 51->0(44)
[2023-02-18T18:24:05.464+0100][gc,heap     ] GC(0) Survivor regions: 0->7(7)
[2023-02-18T18:24:05.464+0100][gc,heap     ] GC(0) Old regions: 0->1
[2023-02-18T18:24:05.464+0100][gc,heap     ] GC(0) Archive regions: 2->2
[2023-02-18T18:24:05.464+0100][gc,heap     ] GC(0) Humongous regions: 0->0
[2023-02-18T18:24:05.464+0100][gc,metaspace] GC(0) Metaspace: 18538K(18752K)->18538K(18752K) NonClass: 16444K(16512K)->16444K(16512K) Class: 2093K(2240K)->2093K(2240K)
[2023-02-18T18:24:05.464+0100][gc          ] GC(0) Pause Young (Normal) (G1 Evacuation Pause) 51M->8M(1024M) 6.653ms
[2023-02-18T18:24:05.464+0100][gc,cpu      ] GC(0) User=0.02s Sys=0.01s Real=0.01s
[2023-02-18T18:24:05.685+0100][gc,start    ] GC(1) Pause Young (Concurrent Start) (Metadata GC Threshold)
[2023-02-18T18:24:05.685+0100][gc,task     ] GC(1) Using 4 workers of 4 for evacuation
[2023-02-18T18:24:05.692+0100][gc,phases   ] GC(1)   Pre Evacuate Collection Set: 0.1ms
[2023-02-18T18:24:05.692+0100][gc,phases   ] GC(1)   Merge Heap Roots: 0.0ms
[2023-02-18T18:24:05.692+0100][gc,phases   ] GC(1)   Evacuate Collection Set: 6.8ms
[2023-02-18T18:24:05.692+0100][gc,phases   ] GC(1)   Post Evacuate Collection Set: 0.3ms
[2023-02-18T18:24:05.692+0100][gc,phases   ] GC(1)   Other: 0.1ms
[2023-02-18T18:24:05.692+0100][gc,heap     ] GC(1) Eden regions: 11->0(50)
[2023-02-18T18:24:05.692+0100][gc,heap     ] GC(1) Survivor regions: 7->1(7)
[2023-02-18T18:24:05.692+0100][gc,heap     ] GC(1) Old regions: 1->8
[2023-02-18T18:24:05.692+0100][gc,heap     ] GC(1) Archive regions: 2->2
[2023-02-18T18:24:05.692+0100][gc,heap     ] GC(1) Humongous regions: 0->0
[2023-02-18T18:24:05.692+0100][gc,metaspace] GC(1) Metaspace: 21257K(21504K)->21257K(21504K) NonClass: 18820K(18944K)->18820K(18944K) Class: 2437K(2560K)->2437K(2560K)
[2023-02-18T18:24:05.692+0100][gc          ] GC(1) Pause Young (Concurrent Start) (Metadata GC Threshold) 18M->9M(1024M) 7.700ms
[2023-02-18T18:24:05.692+0100][gc          ] GC(2) Concurrent Mark Cycle
[2023-02-18T18:24:05.692+0100][gc,cpu      ] GC(1) User=0.02s Sys=0.00s Real=0.01s
[2023-02-18T18:24:05.692+0100][gc,marking  ] GC(2) Concurrent Clear Claimed Marks
[2023-02-18T18:24:05.692+0100][gc,marking  ] GC(2) Concurrent Clear Claimed Marks 0.045ms
[2023-02-18T18:24:05.692+0100][gc,marking  ] GC(2) Concurrent Scan Root Regions
[2023-02-18T18:24:05.696+0100][gc,marking  ] GC(2) Concurrent Scan Root Regions 3.246ms
[2023-02-18T18:24:05.696+0100][gc,marking  ] GC(2) Concurrent Mark
[2023-02-18T18:24:05.696+0100][gc,marking  ] GC(2) Concurrent Mark From Roots
[2023-02-18T18:24:05.696+0100][gc,task     ] GC(2) Using 1 workers of 1 for marking
[2023-02-18T18:24:05.697+0100][gc,marking  ] GC(2) Concurrent Mark From Roots 0.871ms
[2023-02-18T18:24:05.697+0100][gc,marking  ] GC(2) Concurrent Preclean
[2023-02-18T18:24:05.697+0100][gc,marking  ] GC(2) Concurrent Preclean 0.022ms
[2023-02-18T18:24:05.697+0100][gc,start    ] GC(2) Pause Remark
[2023-02-18T18:24:05.699+0100][gc          ] GC(2) Pause Remark 9M->9M(1024M) 1.960ms
[2023-02-18T18:24:05.699+0100][gc,cpu      ] GC(2) User=0.01s Sys=0.00s Real=0.00s
[2023-02-18T18:24:05.699+0100][gc,marking  ] GC(2) Concurrent Mark 3.203ms
[2023-02-18T18:24:05.699+0100][gc,marking  ] GC(2) Concurrent Rebuild Remembered Sets
[2023-02-18T18:24:05.702+0100][gc,marking  ] GC(2) Concurrent Rebuild Remembered Sets 3.476ms
[2023-02-18T18:24:05.702+0100][gc,start    ] GC(2) Pause Cleanup
[2023-02-18T18:24:05.703+0100][gc          ] GC(2) Pause Cleanup 9M->9M(1024M) 0.088ms
[2023-02-18T18:24:05.703+0100][gc,cpu      ] GC(2) User=0.00s Sys=0.00s Real=0.00s
[2023-02-18T18:24:05.703+0100][gc,marking  ] GC(2) Concurrent Cleanup for Next Mark
[2023-02-18T18:24:05.711+0100][gc,marking  ] GC(2) Concurrent Cleanup for Next Mark 8.668ms
[2023-02-18T18:24:05.711+0100][gc          ] GC(2) Concurrent Mark Cycle 19.025ms
[2023-02-18T18:24:07.055+0100][gc,start    ] GC(3) Pause Young (Normal) (G1 Evacuation Pause)
[2023-02-18T18:24:07.055+0100][gc,task     ] GC(3) Using 4 workers of 4 for evacuation
[2023-02-18T18:24:07.062+0100][gc,phases   ] GC(3)   Pre Evacuate Collection Set: 0.1ms
[2023-02-18T18:24:07.062+0100][gc,phases   ] GC(3)   Merge Heap Roots: 0.1ms
[2023-02-18T18:24:07.062+0100][gc,phases   ] GC(3)   Evacuate Collection Set: 5.9ms
[2023-02-18T18:24:07.062+0100][gc,phases   ] GC(3)   Post Evacuate Collection Set: 0.4ms
[2023-02-18T18:24:07.062+0100][gc,phases   ] GC(3)   Other: 0.1ms
[2023-02-18T18:24:07.062+0100][gc,heap     ] GC(3) Eden regions: 50->0(45)
[2023-02-18T18:24:07.062+0100][gc,heap     ] GC(3) Survivor regions: 1->6(7)
[2023-02-18T18:24:07.062+0100][gc,heap     ] GC(3) Old regions: 8->8
[2023-02-18T18:24:07.062+0100][gc,heap     ] GC(3) Archive regions: 2->2
[2023-02-18T18:24:07.062+0100][gc,heap     ] GC(3) Humongous regions: 129->129
[2023-02-18T18:24:07.062+0100][gc,metaspace] GC(3) Metaspace: 31552K(31872K)->31552K(31872K) NonClass: 28098K(28288K)->28098K(28288K) Class: 3454K(3584K)->3454K(3584K)
[2023-02-18T18:24:07.062+0100][gc          ] GC(3) Pause Young (Normal) (G1 Evacuation Pause) 188M->142M(1024M) 6.936ms
[2023-02-18T18:24:07.062+0100][gc,cpu      ] GC(3) User=0.02s Sys=0.00s Real=0.01s
[2023-02-18T18:24:07.310+0100][gc,start    ] GC(4) Pause Young (Concurrent Start) (Metadata GC Threshold)
[2023-02-18T18:24:07.310+0100][gc,task     ] GC(4) Using 4 workers of 4 for evacuation
[2023-02-18T18:24:07.318+0100][gc,phases   ] GC(4)   Pre Evacuate Collection Set: 0.1ms
[2023-02-18T18:24:07.318+0100][gc,phases   ] GC(4)   Merge Heap Roots: 0.0ms
[2023-02-18T18:24:07.318+0100][gc,phases   ] GC(4)   Evacuate Collection Set: 7.8ms
[2023-02-18T18:24:07.318+0100][gc,phases   ] GC(4)   Post Evacuate Collection Set: 0.4ms
[2023-02-18T18:24:07.318+0100][gc,phases   ] GC(4)   Other: 0.1ms
[2023-02-18T18:24:07.318+0100][gc,heap     ] GC(4) Eden regions: 18->0(49)
[2023-02-18T18:24:07.318+0100][gc,heap     ] GC(4) Survivor regions: 6->2(7)
[2023-02-18T18:24:07.318+0100][gc,heap     ] GC(4) Old regions: 8->13
[2023-02-18T18:24:07.318+0100][gc,heap     ] GC(4) Archive regions: 2->2
[2023-02-18T18:24:07.318+0100][gc,heap     ] GC(4) Humongous regions: 129->129
[2023-02-18T18:24:07.318+0100][gc,metaspace] GC(4) Metaspace: 35809K(36096K)->35809K(36096K) NonClass: 31961K(32128K)->31961K(32128K) Class: 3848K(3968K)->3848K(3968K)
[2023-02-18T18:24:07.318+0100][gc          ] GC(4) Pause Young (Concurrent Start) (Metadata GC Threshold) 159M->144M(1024M) 8.772ms
[2023-02-18T18:24:07.318+0100][gc          ] GC(5) Concurrent Mark Cycle
[2023-02-18T18:24:07.318+0100][gc,cpu      ] GC(4) User=0.02s Sys=0.01s Real=0.00s
[2023-02-18T18:24:07.318+0100][gc,marking  ] GC(5) Concurrent Clear Claimed Marks
[2023-02-18T18:24:07.318+0100][gc,marking  ] GC(5) Concurrent Clear Claimed Marks 0.049ms
[2023-02-18T18:24:07.318+0100][gc,marking  ] GC(5) Concurrent Scan Root Regions
[2023-02-18T18:24:07.326+0100][gc,marking  ] GC(5) Concurrent Scan Root Regions 7.343ms
[2023-02-18T18:24:07.326+0100][gc,marking  ] GC(5) Concurrent Mark
[2023-02-18T18:24:07.326+0100][gc,marking  ] GC(5) Concurrent Mark From Roots
[2023-02-18T18:24:07.326+0100][gc,task     ] GC(5) Using 1 workers of 1 for marking
[2023-02-18T18:24:07.339+0100][gc,marking  ] GC(5) Concurrent Mark From Roots 12.986ms
[2023-02-18T18:24:07.339+0100][gc,marking  ] GC(5) Concurrent Preclean
[2023-02-18T18:24:07.339+0100][gc,marking  ] GC(5) Concurrent Preclean 0.105ms
[2023-02-18T18:24:07.339+0100][gc,start    ] GC(5) Pause Remark
[2023-02-18T18:24:07.341+0100][gc          ] GC(5) Pause Remark 145M->145M(1024M) 1.983ms
[2023-02-18T18:24:07.341+0100][gc,cpu      ] GC(5) User=0.00s Sys=0.00s Real=0.01s
[2023-02-18T18:24:07.352+0100][gc,marking  ] GC(5) Concurrent Mark 25.677ms
[2023-02-18T18:24:07.352+0100][gc,marking  ] GC(5) Concurrent Rebuild Remembered Sets
[2023-02-18T18:24:07.366+0100][gc,marking  ] GC(5) Concurrent Rebuild Remembered Sets 14.048ms
[2023-02-18T18:24:07.366+0100][gc,start    ] GC(5) Pause Cleanup
[2023-02-18T18:24:07.366+0100][gc          ] GC(5) Pause Cleanup 146M->146M(1024M) 0.135ms
[2023-02-18T18:24:07.366+0100][gc,cpu      ] GC(5) User=0.00s Sys=0.00s Real=0.00s
[2023-02-18T18:24:07.366+0100][gc,marking  ] GC(5) Concurrent Cleanup for Next Mark
[2023-02-18T18:24:07.382+0100][gc,marking  ] GC(5) Concurrent Cleanup for Next Mark 15.690ms
[2023-02-18T18:24:07.382+0100][gc          ] GC(5) Concurrent Mark Cycle 63.524ms
[2023-02-18T18:43:47.783+0100][gc,start    ] GC(6) Pause Young (Normal) (G1 Evacuation Pause)
[2023-02-18T18:43:47.784+0100][gc,task     ] GC(6) Using 4 workers of 4 for evacuation
[2023-02-18T18:43:47.789+0100][gc,phases   ] GC(6)   Pre Evacuate Collection Set: 0.1ms
[2023-02-18T18:43:47.789+0100][gc,phases   ] GC(6)   Merge Heap Roots: 0.1ms
[2023-02-18T18:43:47.789+0100][gc,phases   ] GC(6)   Evacuate Collection Set: 4.6ms
[2023-02-18T18:43:47.789+0100][gc,phases   ] GC(6)   Post Evacuate Collection Set: 0.5ms
[2023-02-18T18:43:47.789+0100][gc,phases   ] GC(6)   Other: 0.1ms
[2023-02-18T18:43:47.789+0100][gc,heap     ] GC(6) Eden regions: 49->0(47)
[2023-02-18T18:43:47.789+0100][gc,heap     ] GC(6) Survivor regions: 2->4(7)
[2023-02-18T18:43:47.789+0100][gc,heap     ] GC(6) Old regions: 13->13
[2023-02-18T18:43:47.789+0100][gc,heap     ] GC(6) Archive regions: 2->2
[2023-02-18T18:43:47.789+0100][gc,heap     ] GC(6) Humongous regions: 135->129
[2023-02-18T18:43:47.789+0100][gc,metaspace] GC(6) Metaspace: 40164K(40704K)->40164K(40704K) NonClass: 35614K(35904K)->35614K(35904K) Class: 4549K(4800K)->4549K(4800K)
[2023-02-18T18:43:47.789+0100][gc          ] GC(6) Pause Young (Normal) (G1 Evacuation Pause) 199M->145M(1024M) 5.677ms
[2023-02-18T18:43:47.789+0100][gc,cpu      ] GC(6) User=0.02s Sys=0.00s Real=0.00s
[2023-02-18T19:17:12.734+0100][gc,start    ] GC(7) Pause Young (Normal) (G1 Evacuation Pause)
[2023-02-18T19:17:12.734+0100][gc,task     ] GC(7) Using 4 workers of 4 for evacuation
[2023-02-18T19:17:12.740+0100][gc,phases   ] GC(7)   Pre Evacuate Collection Set: 0.2ms
[2023-02-18T19:17:12.740+0100][gc,phases   ] GC(7)   Merge Heap Roots: 0.1ms
[2023-02-18T19:17:12.740+0100][gc,phases   ] GC(7)   Evacuate Collection Set: 5.5ms
[2023-02-18T19:17:12.740+0100][gc,phases   ] GC(7)   Post Evacuate Collection Set: 0.5ms
[2023-02-18T19:17:12.740+0100][gc,phases   ] GC(7)   Other: 0.2ms
[2023-02-18T19:17:12.740+0100][gc,heap     ] GC(7) Eden regions: 47->0(47)
[2023-02-18T19:17:12.740+0100][gc,heap     ] GC(7) Survivor regions: 4->4(7)
[2023-02-18T19:17:12.740+0100][gc,heap     ] GC(7) Old regions: 13->13
[2023-02-18T19:17:12.740+0100][gc,heap     ] GC(7) Archive regions: 2->2
[2023-02-18T19:17:12.740+0100][gc,heap     ] GC(7) Humongous regions: 129->129
[2023-02-18T19:17:12.740+0100][gc,metaspace] GC(7) Metaspace: 41553K(42176K)->41553K(42176K) NonClass: 36781K(37120K)->36781K(37120K) Class: 4771K(5056K)->4771K(5056K)
[2023-02-18T19:17:12.740+0100][gc          ] GC(7) Pause Young (Normal) (G1 Evacuation Pause) 192M->146M(1024M) 6.801ms
[2023-02-18T19:17:12.740+0100][gc,cpu      ] GC(7) User=0.02s Sys=0.00s Real=0.01s
