[2023-02-20 18:00:00,013] INFO Loaded member MemberMetadata(memberId=consumer-gr42-1-ca339cd4-92dc-4a4d-b255-f6466224f924, groupInstanceId=None, clientId=consumer-gr42-1, clientHost=/127.0.0.1, sessionTimeoutMs=30000, rebalanceTimeoutMs=300000, supportedProtocols=List(range)) in group gr42 with generation 1. (kafka.coordinator.group.GroupMetadata$)
[2023-02-20 18:00:00,023] INFO Loaded member MemberMetadata(memberId=consumer-gr42-1-261e8dc5-bc66-45b9-8161-8075fd161205, groupInstanceId=None, clientId=consumer-gr42-1, clientHost=/127.0.0.1, sessionTimeoutMs=30000, rebalanceTimeoutMs=300000, supportedProtocols=List(range)) in group gr42 with generation 3. (kafka.coordinator.group.GroupMetadata$)
[2023-02-20 18:00:00,024] INFO Loaded member MemberMetadata(memberId=consumer-gr42-1-865098f1-2fdf-48b5-b00b-43f17a66dfe3, groupInstanceId=None, clientId=consumer-gr42-1, clientHost=/127.0.0.1, sessionTimeoutMs=30000, rebalanceTimeoutMs=300000, supportedProtocols=List(range)) in group gr42 with generation 5. (kafka.coordinator.group.GroupMetadata$)
[2023-02-20 18:00:00,024] INFO [GroupCoordinator 0]: Loading group metadata for gr42 with generation 6 (kafka.coordinator.group.GroupCoordinator)
[2023-02-20 18:00:00,024] INFO [GroupMetadataManager brokerId=0] Finished loading offsets and group metadata from __consumer_offsets-39 in 133 milliseconds for epoch 0, of which 108 milliseconds was spent in the scheduler. (kafka.coordinator.group.GroupMetadataManager)
[2023-02-20 18:00:00,025] INFO [GroupMetadataManager brokerId=0] Finished loading offsets and group metadata from __consumer_offsets-9 in 133 milliseconds for epoch 0, of which 133 milliseconds was spent in the scheduler. (kafka.coordinator.group.GroupMetadataManager)
[2023-02-20 18:00:00,030] INFO [GroupMetadataManager brokerId=0] Finished loading offsets and group metadata from __consumer_offsets-24 in 137 milliseconds for epoch 0, of which 137 milliseconds was spent in the scheduler. (kafka.coordinator.group.GroupMetadataManager)
[2023-02-20 18:00:00,033] INFO [GroupMetadataManager brokerId=0] Finished loading offsets and group metadata from __consumer_offsets-31 in 140 milliseconds for epoch 0, of which 138 milliseconds was spent in the scheduler. (kafka.coordinator.group.GroupMetadataManager)
[2023-02-20 18:00:00,033] INFO [GroupMetadataManager brokerId=0] Finished loading offsets and group metadata from __consumer_offsets-46 in 138 milliseconds for epoch 0, of which 138 milliseconds was spent in the scheduler. (kafka.coordinator.group.GroupMetadataManager)
[2023-02-20 18:00:00,034] INFO [GroupMetadataManager brokerId=0] Finished loading offsets and group metadata from __consumer_offsets-1 in 138 milliseconds for epoch 0, of which 137 milliseconds was spent in the scheduler. (kafka.coordinator.group.GroupMetadataManager)
[2023-02-20 18:00:00,035] INFO [GroupMetadataManager brokerId=0] Finished loading offsets and group metadata from __consumer_offsets-16 in 139 milliseconds for epoch 0, of which 138 milliseconds was spent in the scheduler. (kafka.coordinator.group.GroupMetadataManager)
[2023-02-20 18:00:00,044] INFO Loaded member MemberMetadata(memberId=console-consumer-ff0edded-8bb6-4b7e-a1ea-3c55fc1df118, groupInstanceId=None, clientId=console-consumer, clientHost=/127.0.0.1, sessionTimeoutMs=45000, rebalanceTimeoutMs=300000, supportedProtocols=List(range)) in group console-consumer-63633 with generation 1. (kafka.coordinator.group.GroupMetadata$)
[2023-02-20 18:00:00,045] INFO [GroupMetadataManager brokerId=0] Finished loading offsets and group metadata from __consumer_offsets-2 in 147 milliseconds for epoch 0, of which 137 milliseconds was spent in the scheduler. (kafka.coordinator.group.GroupMetadataManager)
[2023-02-20 18:00:00,045] INFO [GroupMetadataManager brokerId=0] Finished loading offsets and group metadata from __consumer_offsets-25 in 146 milliseconds for epoch 0, of which 146 milliseconds was spent in the scheduler. (kafka.coordinator.group.GroupMetadataManager)
[2023-02-20 18:00:00,052] INFO Loaded member MemberMetadata(memberId=console-consumer-0754e2a8-556f-40c5-b506-d39a7e88b53c, groupInstanceId=None, clientId=console-consumer, clientHost=/127.0.0.1, sessionTimeoutMs=45000, rebalanceTimeoutMs=300000, supportedProtocols=List(range)) in group console-consumer-3396 with generation 1. (kafka.coordinator.group.GroupMetadata$)
[2023-02-20 18:00:00,053] INFO [GroupMetadataManager brokerId=0] Finished loading offsets and group metadata from __consumer_offsets-40 in 153 milliseconds for epoch 0, of which 147 milliseconds was spent in the scheduler. (kafka.coordinator.group.GroupMetadataManager)
[2023-02-20 18:00:00,053] INFO [GroupMetadataManager brokerId=0] Finished loading offsets and group metadata from __consumer_offsets-47 in 153 milliseconds for epoch 0, of which 153 milliseconds was spent in the scheduler. (kafka.coordinator.group.GroupMetadataManager)
[2023-02-20 18:00:00,053] INFO [GroupMetadataManager brokerId=0] Finished loading offsets and group metadata from __consumer_offsets-17 in 153 milliseconds for epoch 0, of which 153 milliseconds was spent in the scheduler. (kafka.coordinator.group.GroupMetadataManager)
[2023-02-20 18:00:00,054] INFO [GroupMetadataManager brokerId=0] Finished loading offsets and group metadata from __consumer_offsets-32 in 153 milliseconds for epoch 0, of which 153 milliseconds was spent in the scheduler. (kafka.coordinator.group.GroupMetadataManager)
[2023-02-20 18:00:00,054] INFO [GroupMetadataManager brokerId=0] Finished loading offsets and group metadata from __consumer_offsets-37 in 153 milliseconds for epoch 0, of which 153 milliseconds was spent in the scheduler. (kafka.coordinator.group.GroupMetadataManager)
[2023-02-20 18:00:00,054] INFO [GroupMetadataManager brokerId=0] Finished loading offsets and group metadata from __consumer_offsets-7 in 153 milliseconds for epoch 0, of which 153 milliseconds was spent in the scheduler. (kafka.coordinator.group.GroupMetadataManager)
[2023-02-20 18:00:00,055] INFO [GroupMetadataManager brokerId=0] Finished loading offsets and group metadata from __consumer_offsets-22 in 152 milliseconds for epoch 0, of which 152 milliseconds was spent in the scheduler. (kafka.coordinator.group.GroupMetadataManager)
[2023-02-20 18:00:00,055] INFO [GroupMetadataManager brokerId=0] Finished loading offsets and group metadata from __consumer_offsets-29 in 152 milliseconds for epoch 0, of which 152 milliseconds was spent in the scheduler. (kafka.coordinator.group.GroupMetadataManager)
[2023-02-20 18:00:00,069] INFO Loaded member MemberMetadata(memberId=console-consumer-80af92b4-d79d-4d19-bd1f-abeb95f022df, groupInstanceId=None, clientId=console-consumer, clientHost=/127.0.0.1, sessionTimeoutMs=45000, rebalanceTimeoutMs=300000, supportedProtocols=List(range)) in group console-consumer-16222 with generation 1. (kafka.coordinator.group.GroupMetadata$)
[2023-02-20 18:00:00,070] INFO [GroupMetadataManager brokerId=0] Finished loading offsets and group metadata from __consumer_offsets-44 in 166 milliseconds for epoch 0, of which 152 milliseconds was spent in the scheduler. (kafka.coordinator.group.GroupMetadataManager)
[2023-02-20 18:00:00,070] INFO [GroupMetadataManager brokerId=0] Finished loading offsets and group metadata from __consumer_offsets-14 in 166 milliseconds for epoch 0, of which 166 milliseconds was spent in the scheduler. (kafka.coordinator.group.GroupMetadataManager)
[2023-02-20 18:00:00,070] INFO [GroupMetadataManager brokerId=0] Finished loading offsets and group metadata from __consumer_offsets-23 in 165 milliseconds for epoch 0, of which 165 milliseconds was spent in the scheduler. (kafka.coordinator.group.GroupMetadataManager)
[2023-02-20 18:00:00,071] INFO [GroupMetadataManager brokerId=0] Finished loading offsets and group metadata from __consumer_offsets-38 in 166 milliseconds for epoch 0, of which 165 milliseconds was spent in the scheduler. (kafka.coordinator.group.GroupMetadataManager)
[2023-02-20 18:00:00,071] INFO [GroupMetadataManager brokerId=0] Finished loading offsets and group metadata from __consumer_offsets-8 in 165 milliseconds for epoch 0, of which 165 milliseconds was spent in the scheduler. (kafka.coordinator.group.GroupMetadataManager)
[2023-02-20 18:00:00,077] INFO Loaded member MemberMetadata(memberId=console-consumer-f56790ff-8a5c-415e-9a74-f65289279e58, groupInstanceId=None, clientId=console-consumer, clientHost=/127.0.0.1, sessionTimeoutMs=45000, rebalanceTimeoutMs=300000, supportedProtocols=List(range)) in group console-consumer-86884 with generation 1. (kafka.coordinator.group.GroupMetadata$)
[2023-02-20 18:00:00,078] INFO [GroupMetadataManager brokerId=0] Finished loading offsets and group metadata from __consumer_offsets-45 in 171 milliseconds for epoch 0, of which 164 milliseconds was spent in the scheduler. (kafka.coordinator.group.GroupMetadataManager)
[2023-02-20 18:00:00,079] INFO [GroupMetadataManager brokerId=0] Finished loading offsets and group metadata from __consumer_offsets-15 in 172 milliseconds for epoch 0, of which 172 milliseconds was spent in the scheduler. (kafka.coordinator.group.GroupMetadataManager)
[2023-02-20 18:00:00,080] INFO [GroupMetadataManager brokerId=0] Finished loading offsets and group metadata from __consumer_offsets-30 in 173 milliseconds for epoch 0, of which 173 milliseconds was spent in the scheduler. (kafka.coordinator.group.GroupMetadataManager)
[2023-02-20 18:00:00,080] INFO [GroupMetadataManager brokerId=0] Finished loading offsets and group metadata from __consumer_offsets-0 in 173 milliseconds for epoch 0, of which 173 milliseconds was spent in the scheduler. (kafka.coordinator.group.GroupMetadataManager)
[2023-02-20 18:00:00,080] INFO [GroupMetadataManager brokerId=0] Finished loading offsets and group metadata from __consumer_offsets-35 in 170 milliseconds for epoch 0, of which 170 milliseconds was spent in the scheduler. (kafka.coordinator.group.GroupMetadataManager)
[2023-02-20 18:00:00,080] INFO [GroupMetadataManager brokerId=0] Finished loading offsets and group metadata from __consumer_offsets-5 in 170 milliseconds for epoch 0, of which 170 milliseconds was spent in the scheduler. (kafka.coordinator.group.GroupMetadataManager)
[2023-02-20 18:00:00,081] INFO [GroupMetadataManager brokerId=0] Finished loading offsets and group metadata from __consumer_offsets-20 in 170 milliseconds for epoch 0, of which 170 milliseconds was spent in the scheduler. (kafka.coordinator.group.GroupMetadataManager)
[2023-02-20 18:00:00,081] INFO [GroupMetadataManager brokerId=0] Finished loading offsets and group metadata from __consumer_offsets-27 in 166 milliseconds for epoch 0, of which 166 milliseconds was spent in the scheduler. (kafka.coordinator.group.GroupMetadataManager)
[2023-02-20 18:00:00,083] INFO [GroupMetadataManager brokerId=0] Finished loading offsets and group metadata from __consumer_offsets-42 in 167 milliseconds for epoch 0, of which 166 milliseconds was spent in the scheduler. (kafka.coordinator.group.GroupMetadataManager)
[2023-02-20 18:00:00,084] INFO [GroupMetadataManager brokerId=0] Finished loading offsets and group metadata from __consumer_offsets-12 in 166 milliseconds for epoch 0, of which 165 milliseconds was spent in the scheduler. (kafka.coordinator.group.GroupMetadataManager)
[2023-02-20 18:00:00,085] INFO [GroupMetadataManager brokerId=0] Finished loading offsets and group metadata from __consumer_offsets-21 in 167 milliseconds for epoch 0, of which 167 milliseconds was spent in the scheduler. (kafka.coordinator.group.GroupMetadataManager)
[2023-02-20 18:00:00,085] INFO [GroupMetadataManager brokerId=0] Finished loading offsets and group metadata from __consumer_offsets-36 in 166 milliseconds for epoch 0, of which 166 milliseconds was spent in the scheduler. (kafka.coordinator.group.GroupMetadataManager)
[2023-02-20 18:00:00,087] INFO [GroupMetadataManager brokerId=0] Finished loading offsets and group metadata from __consumer_offsets-6 in 168 milliseconds for epoch 0, of which 167 milliseconds was spent in the scheduler. (kafka.coordinator.group.GroupMetadataManager)
[2023-02-20 18:00:00,087] INFO [GroupMetadataManager brokerId=0] Finished loading offsets and group metadata from __consumer_offsets-43 in 168 milliseconds for epoch 0, of which 168 milliseconds was spent in the scheduler. (kafka.coordinator.group.GroupMetadataManager)
[2023-02-20 18:00:00,088] INFO [GroupMetadataManager brokerId=0] Finished loading offsets and group metadata from __consumer_offsets-13 in 167 milliseconds for epoch 0, of which 166 milliseconds was spent in the scheduler. (kafka.coordinator.group.GroupMetadataManager)
[2023-02-20 18:00:00,094] INFO Loaded member MemberMetadata(memberId=console-consumer-e9532345-dbb9-4f8b-bc48-6905b2864b7a, groupInstanceId=None, clientId=console-consumer, clientHost=/127.0.0.1, sessionTimeoutMs=45000, rebalanceTimeoutMs=300000, supportedProtocols=List(range)) in group console-consumer-10312 with generation 1. (kafka.coordinator.group.GroupMetadata$)
[2023-02-20 18:00:00,095] INFO [GroupMetadataManager brokerId=0] Finished loading offsets and group metadata from __consumer_offsets-28 in 174 milliseconds for epoch 0, of which 167 milliseconds was spent in the scheduler. (kafka.coordinator.group.GroupMetadataManager)
[2023-02-20 18:00:36,888] INFO [GroupCoordinator 0]: Dynamic member with unknown member id joins group test in Empty state. Created a new member id consumer-test-1-5671f6a7-395b-4a20-9a97-205082cef791 and request the member to rejoin with this id. (kafka.coordinator.group.GroupCoordinator)
[2023-02-20 18:00:36,908] INFO [GroupCoordinator 0]: Preparing to rebalance group test in state PreparingRebalance with old generation 37 (__consumer_offsets-48) (reason: Adding new member consumer-test-1-5671f6a7-395b-4a20-9a97-205082cef791 with group instance id None; client reason: not provided) (kafka.coordinator.group.GroupCoordinator)
[2023-02-20 18:00:36,915] INFO [GroupCoordinator 0]: Stabilized group test generation 38 (__consumer_offsets-48) with 1 members (kafka.coordinator.group.GroupCoordinator)
[2023-02-20 18:00:36,932] INFO [GroupCoordinator 0]: Assignment received from leader consumer-test-1-5671f6a7-395b-4a20-9a97-205082cef791 for group test for generation 38. The group has 1 members, 0 of which are static. (kafka.coordinator.group.GroupCoordinator)
[2023-02-20 18:00:54,041] INFO [GroupCoordinator 0]: Dynamic member with unknown member id joins group console-consumer-7832 in Empty state. Created a new member id console-consumer-b4f5420f-dbc1-4b2d-be8e-d321e052dbef and request the member to rejoin with this id. (kafka.coordinator.group.GroupCoordinator)
[2023-02-20 18:00:54,044] INFO [GroupCoordinator 0]: Preparing to rebalance group console-consumer-7832 in state PreparingRebalance with old generation 0 (__consumer_offsets-19) (reason: Adding new member console-consumer-b4f5420f-dbc1-4b2d-be8e-d321e052dbef with group instance id None; client reason: rebalance failed due to MemberIdRequiredException) (kafka.coordinator.group.GroupCoordinator)
[2023-02-20 18:00:54,044] INFO [GroupCoordinator 0]: Stabilized group console-consumer-7832 generation 1 (__consumer_offsets-19) with 1 members (kafka.coordinator.group.GroupCoordinator)
[2023-02-20 18:00:54,050] INFO [GroupCoordinator 0]: Assignment received from leader console-consumer-b4f5420f-dbc1-4b2d-be8e-d321e052dbef for group console-consumer-7832 for generation 1. The group has 1 members, 0 of which are static. (kafka.coordinator.group.GroupCoordinator)
[2023-02-20 18:01:34,051] INFO [GroupCoordinator 0]: Preparing to rebalance group console-consumer-7832 in state PreparingRebalance with old generation 1 (__consumer_offsets-19) (reason: Removing member console-consumer-b4f5420f-dbc1-4b2d-be8e-d321e052dbef on LeaveGroup; client reason: the consumer is being closed) (kafka.coordinator.group.GroupCoordinator)
[2023-02-20 18:01:34,052] INFO [GroupCoordinator 0]: Group console-consumer-7832 with generation 2 is now empty (__consumer_offsets-19) (kafka.coordinator.group.GroupCoordinator)
[2023-02-20 18:01:34,054] INFO [GroupCoordinator 0]: Member MemberMetadata(memberId=console-consumer-b4f5420f-dbc1-4b2d-be8e-d321e052dbef, groupInstanceId=None, clientId=console-consumer, clientHost=/127.0.0.1, sessionTimeoutMs=45000, rebalanceTimeoutMs=300000, supportedProtocols=List(range, cooperative-sticky)) has left group console-consumer-7832 through explicit `LeaveGroup`; client reason: the consumer is being closed (kafka.coordinator.group.GroupCoordinator)
[2023-02-20 18:02:30,145] INFO [GroupCoordinator 0]: Dynamic member with unknown member id joins group test in Stable state. Created a new member id consumer-test-1-fdb69e82-3ff5-4432-813b-8ef59a8a4919 and request the member to rejoin with this id. (kafka.coordinator.group.GroupCoordinator)
[2023-02-20 18:02:30,147] INFO [GroupCoordinator 0]: Preparing to rebalance group test in state PreparingRebalance with old generation 38 (__consumer_offsets-48) (reason: Adding new member consumer-test-1-fdb69e82-3ff5-4432-813b-8ef59a8a4919 with group instance id None; client reason: not provided) (kafka.coordinator.group.GroupCoordinator)
[2023-02-20 18:02:30,963] INFO [GroupCoordinator 0]: Stabilized group test generation 39 (__consumer_offsets-48) with 2 members (kafka.coordinator.group.GroupCoordinator)
[2023-02-20 18:02:30,965] INFO [GroupCoordinator 0]: Assignment received from leader consumer-test-1-5671f6a7-395b-4a20-9a97-205082cef791 for group test for generation 39. The group has 2 members, 0 of which are static. (kafka.coordinator.group.GroupCoordinator)
[2023-02-20 18:04:04,647] INFO Terminating process due to signal SIGINT (org.apache.kafka.common.utils.LoggingSignalHandler)
[2023-02-20 18:04:04,654] INFO [KafkaServer id=0] shutting down (kafka.server.KafkaServer)
[2023-02-20 18:04:04,655] INFO [KafkaServer id=0] Starting controlled shutdown (kafka.server.KafkaServer)
[2023-02-20 18:04:04,688] INFO [KafkaServer id=0] Controlled shutdown request returned successfully after 11ms (kafka.server.KafkaServer)
[2023-02-20 18:04:04,694] INFO [/config/changes-event-process-thread]: Shutting down (kafka.common.ZkNodeChangeNotificationListener$ChangeEventProcessThread)
[2023-02-20 18:04:04,695] INFO [/config/changes-event-process-thread]: Stopped (kafka.common.ZkNodeChangeNotificationListener$ChangeEventProcessThread)
[2023-02-20 18:04:04,696] INFO [/config/changes-event-process-thread]: Shutdown completed (kafka.common.ZkNodeChangeNotificationListener$ChangeEventProcessThread)
[2023-02-20 18:04:04,696] INFO [SocketServer listenerType=ZK_BROKER, nodeId=0] Stopping socket server request processors (kafka.network.SocketServer)
[2023-02-20 18:04:04,709] INFO [SocketServer listenerType=ZK_BROKER, nodeId=0] Stopped socket server request processors (kafka.network.SocketServer)
[2023-02-20 18:04:04,710] INFO [data-plane Kafka Request Handler on Broker 0], shutting down (kafka.server.KafkaRequestHandlerPool)
[2023-02-20 18:04:04,717] INFO [data-plane Kafka Request Handler on Broker 0], shut down completely (kafka.server.KafkaRequestHandlerPool)
[2023-02-20 18:04:04,724] INFO [ExpirationReaper-0-AlterAcls]: Shutting down (kafka.server.DelayedOperationPurgatory$ExpiredOperationReaper)
[2023-02-20 18:04:04,734] INFO [ExpirationReaper-0-AlterAcls]: Stopped (kafka.server.DelayedOperationPurgatory$ExpiredOperationReaper)
[2023-02-20 18:04:04,735] INFO [ExpirationReaper-0-AlterAcls]: Shutdown completed (kafka.server.DelayedOperationPurgatory$ExpiredOperationReaper)
[2023-02-20 18:04:04,736] INFO [KafkaApi-0] Shutdown complete. (kafka.server.KafkaApis)
[2023-02-20 18:04:04,737] INFO [ExpirationReaper-0-topic]: Shutting down (kafka.server.DelayedOperationPurgatory$ExpiredOperationReaper)
[2023-02-20 18:04:04,739] INFO [ExpirationReaper-0-topic]: Stopped (kafka.server.DelayedOperationPurgatory$ExpiredOperationReaper)
[2023-02-20 18:04:04,739] INFO [ExpirationReaper-0-topic]: Shutdown completed (kafka.server.DelayedOperationPurgatory$ExpiredOperationReaper)
[2023-02-20 18:04:04,743] INFO [TransactionCoordinator id=0] Shutting down. (kafka.coordinator.transaction.TransactionCoordinator)
[2023-02-20 18:04:04,745] INFO [Transaction State Manager 0]: Shutdown complete (kafka.coordinator.transaction.TransactionStateManager)
[2023-02-20 18:04:04,745] INFO [Transaction Marker Channel Manager 0]: Shutting down (kafka.coordinator.transaction.TransactionMarkerChannelManager)
[2023-02-20 18:04:04,745] INFO [Transaction Marker Channel Manager 0]: Stopped (kafka.coordinator.transaction.TransactionMarkerChannelManager)
[2023-02-20 18:04:04,745] INFO [Transaction Marker Channel Manager 0]: Shutdown completed (kafka.coordinator.transaction.TransactionMarkerChannelManager)
[2023-02-20 18:04:04,747] INFO [TransactionCoordinator id=0] Shutdown complete. (kafka.coordinator.transaction.TransactionCoordinator)
[2023-02-20 18:04:04,747] INFO [GroupCoordinator 0]: Shutting down. (kafka.coordinator.group.GroupCoordinator)
[2023-02-20 18:04:04,748] INFO [ExpirationReaper-0-Heartbeat]: Shutting down (kafka.server.DelayedOperationPurgatory$ExpiredOperationReaper)
[2023-02-20 18:04:04,748] INFO [ExpirationReaper-0-Heartbeat]: Stopped (kafka.server.DelayedOperationPurgatory$ExpiredOperationReaper)
[2023-02-20 18:04:04,749] INFO [ExpirationReaper-0-Heartbeat]: Shutdown completed (kafka.server.DelayedOperationPurgatory$ExpiredOperationReaper)
[2023-02-20 18:04:04,749] INFO [ExpirationReaper-0-Rebalance]: Shutting down (kafka.server.DelayedOperationPurgatory$ExpiredOperationReaper)
[2023-02-20 18:04:04,749] INFO [ExpirationReaper-0-Rebalance]: Shutdown completed (kafka.server.DelayedOperationPurgatory$ExpiredOperationReaper)
[2023-02-20 18:04:04,749] INFO [ExpirationReaper-0-Rebalance]: Stopped (kafka.server.DelayedOperationPurgatory$ExpiredOperationReaper)
[2023-02-20 18:04:04,750] INFO [GroupCoordinator 0]: Shutdown complete. (kafka.coordinator.group.GroupCoordinator)
[2023-02-20 18:04:04,751] INFO [ReplicaManager broker=0] Shutting down (kafka.server.ReplicaManager)
[2023-02-20 18:04:04,751] INFO [LogDirFailureHandler]: Shutting down (kafka.server.ReplicaManager$LogDirFailureHandler)
[2023-02-20 18:04:04,751] INFO [LogDirFailureHandler]: Stopped (kafka.server.ReplicaManager$LogDirFailureHandler)
[2023-02-20 18:04:04,751] INFO [LogDirFailureHandler]: Shutdown completed (kafka.server.ReplicaManager$LogDirFailureHandler)
[2023-02-20 18:04:04,752] INFO [ReplicaFetcherManager on broker 0] shutting down (kafka.server.ReplicaFetcherManager)
[2023-02-20 18:04:04,753] INFO [ReplicaFetcherManager on broker 0] shutdown completed (kafka.server.ReplicaFetcherManager)
[2023-02-20 18:04:04,753] INFO [ReplicaAlterLogDirsManager on broker 0] shutting down (kafka.server.ReplicaAlterLogDirsManager)
[2023-02-20 18:04:04,754] INFO [ReplicaAlterLogDirsManager on broker 0] shutdown completed (kafka.server.ReplicaAlterLogDirsManager)
[2023-02-20 18:04:04,754] INFO [ExpirationReaper-0-Fetch]: Shutting down (kafka.server.DelayedOperationPurgatory$ExpiredOperationReaper)
[2023-02-20 18:04:04,755] INFO [ExpirationReaper-0-Fetch]: Stopped (kafka.server.DelayedOperationPurgatory$ExpiredOperationReaper)
[2023-02-20 18:04:04,755] INFO [ExpirationReaper-0-Fetch]: Shutdown completed (kafka.server.DelayedOperationPurgatory$ExpiredOperationReaper)
[2023-02-20 18:04:04,756] INFO [ExpirationReaper-0-Produce]: Shutting down (kafka.server.DelayedOperationPurgatory$ExpiredOperationReaper)
[2023-02-20 18:04:04,759] INFO [ExpirationReaper-0-Produce]: Stopped (kafka.server.DelayedOperationPurgatory$ExpiredOperationReaper)
[2023-02-20 18:04:04,759] INFO [ExpirationReaper-0-Produce]: Shutdown completed (kafka.server.DelayedOperationPurgatory$ExpiredOperationReaper)
[2023-02-20 18:04:04,759] INFO [ExpirationReaper-0-DeleteRecords]: Shutting down (kafka.server.DelayedOperationPurgatory$ExpiredOperationReaper)
[2023-02-20 18:04:04,763] INFO [ExpirationReaper-0-DeleteRecords]: Stopped (kafka.server.DelayedOperationPurgatory$ExpiredOperationReaper)
[2023-02-20 18:04:04,763] INFO [ExpirationReaper-0-DeleteRecords]: Shutdown completed (kafka.server.DelayedOperationPurgatory$ExpiredOperationReaper)
[2023-02-20 18:04:04,764] INFO [ExpirationReaper-0-ElectLeader]: Shutting down (kafka.server.DelayedOperationPurgatory$ExpiredOperationReaper)
[2023-02-20 18:04:04,768] INFO [ExpirationReaper-0-ElectLeader]: Stopped (kafka.server.DelayedOperationPurgatory$ExpiredOperationReaper)
[2023-02-20 18:04:04,768] INFO [ExpirationReaper-0-ElectLeader]: Shutdown completed (kafka.server.DelayedOperationPurgatory$ExpiredOperationReaper)
[2023-02-20 18:04:04,782] INFO [ReplicaManager broker=0] Shut down completely (kafka.server.ReplicaManager)
[2023-02-20 18:04:04,783] INFO [BrokerToControllerChannelManager broker=0 name=alterPartition]: Shutting down (kafka.server.BrokerToControllerRequestThread)
[2023-02-20 18:04:04,784] INFO [BrokerToControllerChannelManager broker=0 name=alterPartition]: Stopped (kafka.server.BrokerToControllerRequestThread)
[2023-02-20 18:04:04,785] INFO [BrokerToControllerChannelManager broker=0 name=alterPartition]: Shutdown completed (kafka.server.BrokerToControllerRequestThread)
[2023-02-20 18:04:04,788] INFO Broker to controller channel manager for alterPartition shutdown (kafka.server.BrokerToControllerChannelManagerImpl)
[2023-02-20 18:04:04,789] INFO [BrokerToControllerChannelManager broker=0 name=forwarding]: Shutting down (kafka.server.BrokerToControllerRequestThread)
[2023-02-20 18:04:04,790] INFO [BrokerToControllerChannelManager broker=0 name=forwarding]: Stopped (kafka.server.BrokerToControllerRequestThread)
[2023-02-20 18:04:04,790] INFO [BrokerToControllerChannelManager broker=0 name=forwarding]: Shutdown completed (kafka.server.BrokerToControllerRequestThread)
[2023-02-20 18:04:04,790] INFO Broker to controller channel manager for forwarding shutdown (kafka.server.BrokerToControllerChannelManagerImpl)
[2023-02-20 18:04:04,791] INFO Shutting down. (kafka.log.LogManager)
[2023-02-20 18:04:04,976] INFO Terminating process due to signal SIGINT (org.apache.kafka.common.utils.LoggingSignalHandler)
[2023-02-20 18:04:04,978] INFO [ProducerStateManager partition=__consumer_offsets-19] Wrote producer snapshot at offset 2 with 0 producer ids in 69 ms. (kafka.log.ProducerStateManager)
[2023-02-20 18:04:05,119] INFO [ProducerStateManager partition=quickstart-events-0] Wrote producer snapshot at offset 166 with 1 producer ids in 6 ms. (kafka.log.ProducerStateManager)
[2023-02-20 18:04:05,128] INFO [ProducerStateManager partition=__consumer_offsets-48] Wrote producer snapshot at offset 92 with 0 producer ids in 3 ms. (kafka.log.ProducerStateManager)
[2023-02-20 18:04:05,221] INFO Shutdown complete. (kafka.log.LogManager)
[2023-02-20 18:04:05,228] INFO [feature-zk-node-event-process-thread]: Shutting down (kafka.server.FinalizedFeatureChangeListener$ChangeNotificationProcessorThread)
[2023-02-20 18:04:05,229] INFO [feature-zk-node-event-process-thread]: Stopped (kafka.server.FinalizedFeatureChangeListener$ChangeNotificationProcessorThread)
[2023-02-20 18:04:05,229] INFO [feature-zk-node-event-process-thread]: Shutdown completed (kafka.server.FinalizedFeatureChangeListener$ChangeNotificationProcessorThread)
[2023-02-20 18:04:05,229] INFO [ZooKeeperClient Kafka server] Closing. (kafka.zookeeper.ZooKeeperClient)
[2023-02-20 18:04:05,243] WARN An exception was thrown while closing send thread for session 0x1001b00a28e0001. (org.apache.zookeeper.ClientCnxn)
EndOfStreamException: Unable to read additional data from server sessionid 0x1001b00a28e0001, likely server has closed socket
	at org.apache.zookeeper.ClientCnxnSocketNIO.doIO(ClientCnxnSocketNIO.java:77)
	at org.apache.zookeeper.ClientCnxnSocketNIO.doTransport(ClientCnxnSocketNIO.java:350)
	at org.apache.zookeeper.ClientCnxn$SendThread.run(ClientCnxn.java:1290)
[2023-02-20 18:04:05,352] INFO Session: 0x1001b00a28e0001 closed (org.apache.zookeeper.ZooKeeper)
[2023-02-20 18:04:05,352] INFO EventThread shut down for session: 0x1001b00a28e0001 (org.apache.zookeeper.ClientCnxn)
[2023-02-20 18:04:05,353] INFO [ZooKeeperClient Kafka server] Closed. (kafka.zookeeper.ZooKeeperClient)
[2023-02-20 18:04:05,354] INFO [ThrottledChannelReaper-Fetch]: Shutting down (kafka.server.ClientQuotaManager$ThrottledChannelReaper)
[2023-02-20 18:04:05,356] INFO [ThrottledChannelReaper-Fetch]: Stopped (kafka.server.ClientQuotaManager$ThrottledChannelReaper)
[2023-02-20 18:04:05,356] INFO [ThrottledChannelReaper-Fetch]: Shutdown completed (kafka.server.ClientQuotaManager$ThrottledChannelReaper)
[2023-02-20 18:04:05,357] INFO [ThrottledChannelReaper-Produce]: Shutting down (kafka.server.ClientQuotaManager$ThrottledChannelReaper)
[2023-02-20 18:04:05,357] INFO [ThrottledChannelReaper-Produce]: Stopped (kafka.server.ClientQuotaManager$ThrottledChannelReaper)
[2023-02-20 18:04:05,357] INFO [ThrottledChannelReaper-Produce]: Shutdown completed (kafka.server.ClientQuotaManager$ThrottledChannelReaper)
[2023-02-20 18:04:05,357] INFO [ThrottledChannelReaper-Request]: Shutting down (kafka.server.ClientQuotaManager$ThrottledChannelReaper)
[2023-02-20 18:04:05,358] INFO [ThrottledChannelReaper-Request]: Stopped (kafka.server.ClientQuotaManager$ThrottledChannelReaper)
[2023-02-20 18:04:05,358] INFO [ThrottledChannelReaper-Request]: Shutdown completed (kafka.server.ClientQuotaManager$ThrottledChannelReaper)
[2023-02-20 18:04:05,358] INFO [ThrottledChannelReaper-ControllerMutation]: Shutting down (kafka.server.ClientQuotaManager$ThrottledChannelReaper)
[2023-02-20 18:04:05,359] INFO [ThrottledChannelReaper-ControllerMutation]: Shutdown completed (kafka.server.ClientQuotaManager$ThrottledChannelReaper)
[2023-02-20 18:04:05,359] INFO [ThrottledChannelReaper-ControllerMutation]: Stopped (kafka.server.ClientQuotaManager$ThrottledChannelReaper)
[2023-02-20 18:04:05,360] INFO [SocketServer listenerType=ZK_BROKER, nodeId=0] Shutting down socket server (kafka.network.SocketServer)
[2023-02-20 18:04:05,382] INFO [SocketServer listenerType=ZK_BROKER, nodeId=0] Shutdown completed (kafka.network.SocketServer)
[2023-02-20 18:04:05,384] INFO Metrics scheduler closed (org.apache.kafka.common.metrics.Metrics)
[2023-02-20 18:04:05,384] INFO Closing reporter org.apache.kafka.common.metrics.JmxReporter (org.apache.kafka.common.metrics.Metrics)
[2023-02-20 18:04:05,384] INFO Metrics reporters closed (org.apache.kafka.common.metrics.Metrics)
[2023-02-20 18:04:05,386] INFO Broker and topic stats closed (kafka.server.BrokerTopicStats)
[2023-02-20 18:04:05,386] INFO App info kafka.server for 0 unregistered (org.apache.kafka.common.utils.AppInfoParser)
[2023-02-20 18:04:05,387] INFO [KafkaServer id=0] shut down completed (kafka.server.KafkaServer)
