[2023-02-18T18:23:52.922+0100][gc,init] CardTable entry size: 512
[2023-02-18T18:23:52.922+0100][gc     ] Using G1
[2023-02-18T18:23:52.925+0100][gc,init] Version: 19.0.1+10-21 (release)
[2023-02-18T18:23:52.925+0100][gc,init] CPUs: 4 total, 4 available
[2023-02-18T18:23:52.925+0100][gc,init] Memory: 16384M
[2023-02-18T18:23:52.925+0100][gc,init] Large Page Support: Disabled
[2023-02-18T18:23:52.925+0100][gc,init] NUMA Support: Disabled
[2023-02-18T18:23:52.925+0100][gc,init] Compressed Oops: Enabled (Zero based)
[2023-02-18T18:23:52.925+0100][gc,init] Heap Region Size: 1M
[2023-02-18T18:23:52.925+0100][gc,init] Heap Min Capacity: 512M
[2023-02-18T18:23:52.925+0100][gc,init] Heap Initial Capacity: 512M
[2023-02-18T18:23:52.925+0100][gc,init] Heap Max Capacity: 512M
[2023-02-18T18:23:52.925+0100][gc,init] Pre-touch: Disabled
[2023-02-18T18:23:52.925+0100][gc,init] Parallel Workers: 4
[2023-02-18T18:23:52.925+0100][gc,init] Concurrent Workers: 1
[2023-02-18T18:23:52.925+0100][gc,init] Concurrent Refinement Workers: 4
[2023-02-18T18:23:52.925+0100][gc,init] Periodic GC: Disabled
[2023-02-18T18:23:52.926+0100][gc,metaspace] CDS archive(s) mapped at: [0x0000000800000000-0x0000000800c44000-0x0000000800c44000), size 12861440, SharedBaseAddress: 0x0000000800000000, ArchiveRelocationMode: 0.
[2023-02-18T18:23:52.926+0100][gc,metaspace] Compressed class space mapped at: 0x0000000801000000-0x0000000841000000, reserved size: 1073741824
[2023-02-18T18:23:52.926+0100][gc,metaspace] Narrow klass base: 0x0000000800000000, Narrow klass shift: 0, Narrow klass range: 0x100000000
[2023-02-18T18:24:05.103+0100][gc,start    ] GC(0) Pause Young (Normal) (G1 Evacuation Pause)
[2023-02-18T18:24:05.103+0100][gc,task     ] GC(0) Using 4 workers of 4 for evacuation
[2023-02-18T18:24:05.111+0100][gc,phases   ] GC(0)   Pre Evacuate Collection Set: 0.1ms
[2023-02-18T18:24:05.111+0100][gc,phases   ] GC(0)   Merge Heap Roots: 0.1ms
[2023-02-18T18:24:05.111+0100][gc,phases   ] GC(0)   Evacuate Collection Set: 6.9ms
[2023-02-18T18:24:05.111+0100][gc,phases   ] GC(0)   Post Evacuate Collection Set: 0.5ms
[2023-02-18T18:24:05.111+0100][gc,phases   ] GC(0)   Other: 0.3ms
[2023-02-18T18:24:05.111+0100][gc,heap     ] GC(0) Eden regions: 25->0(21)
[2023-02-18T18:24:05.111+0100][gc,heap     ] GC(0) Survivor regions: 0->4(4)
[2023-02-18T18:24:05.111+0100][gc,heap     ] GC(0) Old regions: 0->4
[2023-02-18T18:24:05.111+0100][gc,heap     ] GC(0) Archive regions: 2->2
[2023-02-18T18:24:05.111+0100][gc,heap     ] GC(0) Humongous regions: 0->0
[2023-02-18T18:24:05.111+0100][gc,metaspace] GC(0) Metaspace: 8521K(8704K)->8521K(8704K) NonClass: 7617K(7680K)->7617K(7680K) Class: 903K(1024K)->903K(1024K)
[2023-02-18T18:24:05.111+0100][gc          ] GC(0) Pause Young (Normal) (G1 Evacuation Pause) 25M->8M(512M) 8.064ms
[2023-02-18T18:24:05.111+0100][gc,cpu      ] GC(0) User=0.02s Sys=0.01s Real=0.01s
